2016-05-04 02:03:50 INFO User asdf failed to log in!
2016-05-04 02:04:02 INFO User guest logged in.
2016-05-04 02:05:21 INFO User asdf failed to log in!
2016-05-04 02:05:32 INFO User guest logged in.
2016-05-04 02:35:54 INFO User  logged out
2016-05-04 02:36:11 INFO User testlogout failed to log in
2016-05-04 02:36:22 INFO User guest failed to log in
2016-05-04 02:36:33 INFO User guest logged in.
2016-05-04 02:36:35 INFO User  logged out
2016-05-04 02:39:11 INFO User secondtest failed to log in
2016-05-04 02:39:25 INFO User guest logged in.
2016-05-04 02:39:30 INFO User  logged out
2016-05-04 02:40:28 INFO User 3rdtest failed to log in
2016-05-04 02:40:37 INFO User guest logged in.
2016-05-04 02:40:38 INFO User guest logged out
2016-05-04 02:43:46 INFO User guest logged in.
2016-05-04 02:46:03 INFO User guest logged out
2016-05-04 02:46:14 INFO User guest logged in.
2016-05-04 02:46:16 INFO User guest logged out
2016-05-04 02:47:10 INFO User guest logged in.
2016-05-04 02:53:14 INFO User user failed to log in
2016-05-04 02:53:23 INFO User guest logged in.
2016-05-04 02:54:38 INFO User asdf failed to log in
2016-05-04 02:54:53 INFO User guest logged in.
2016-05-04 02:59:40 INFO User shorter failed to log in
2016-05-04 03:01:01 INFO User testshort failed to log in
2016-05-04 03:01:19 INFO User guest logged in.
2016-05-04 04:14:46 INFO User guest logged out
2016-05-04 04:14:50 INFO User asdfa failed to log in
2016-05-04 04:15:11 INFO User guest logged in.
2016-05-04 04:15:12 INFO User guest logged out
